<?xml version="1.0" encoding="utf-8"?>
<TestRun id="e8a0f881-ebcd-4591-9f87-120a7e397047" name="DELL@GOUTHAM-DESKTOP 2026-03-23 14:48:18" runUser="GOUTHAM-DESKTOP\DELL" xmlns="http://microsoft.com/schemas/VisualStudio/TeamTest/2010">
  <Times creation="2026-03-23T14:48:18.9784857+05:30" queuing="2026-03-23T14:48:18.9784863+05:30" start="2026-03-23T14:48:14.4429339+05:30" finish="2026-03-23T14:48:20.0545904+05:30" />
  <TestSettings name="default" id="7fd1bbc3-0dd1-4f35-b7bf-a7bc9411ae93">
    <Deployment runDeploymentRoot="DELL_GOUTHAM-DESKTOP_2026-03-23_14_48_18" />
  </TestSettings>
  <Results>
    <UnitTestResult executionId="2a1a86d0-8170-4e40-8ff0-b4b7d3ede0a4" testId="b2eb9ddb-777e-1a43-475c-d71b91f89458" testName="Infrastructure.Tests.Repositories.UserRepositoryTests.EmailExistsAsync_ExistingEmail_ReturnsTrue" computerName="GOUTHAM-DESKTOP" duration="00:00:00.0176730" startTime="2026-03-23T14:48:19.0274532+05:30" endTime="2026-03-23T14:48:19.0274534+05:30" testType="13cdc9d9-ddb5-4fa4-a97d-d965ccfc6d4b" outcome="Passed" testListId="8c84fa94-04c1-424b-9868-57a2d4851a1d" relativeResultsDirectory="2a1a86d0-8170-4e40-8ff0-b4b7d3ede0a4" />
    <UnitTestResult executionId="09ec7369-725c-4c02-8cdb-fd19a6b701f7" testId="285e2612-58ec-2c04-abae-fd3e73d0f894" testName="Infrastructure.Tests.Repositories.UserRepositoryTests.GetByEmailAsync_DeletedUser_ReturnsNull" computerName="GOUTHAM-DESKTOP" duration="00:00:00.0024499" startTime="2026-03-23T14:48:19.1021350+05:30" endTime="2026-03-23T14:48:19.1021354+05:30" testType="13cdc9d9-ddb5-4fa4-a97d-d965ccfc6d4b" outcome="Passed" testListId="8c84fa94-04c1-424b-9868-57a2d4851a1d" relativeResultsDirectory="09ec7369-725c-4c02-8cdb-fd19a6b701f7" />
    <UnitTestResult executionId="bd3ff334-b759-40dd-a342-eeefd39adb7b" testId="2fb14ded-0781-3db3-b8a5-6dd9008c464c" testName="Infrastructure.Tests.Repositories.PolicyPaymentRepositoryTests.GetByIdAsync_NonExisting_ReturnsNull" computerName="GOUTHAM-DESKTOP" duration="00:00:00.0052317" startTime="2026-03-23T14:48:19.0011004+05:30" endTime="2026-03-23T14:48:19.0011005+05:30" testType="13cdc9d9-ddb5-4fa4-a97d-d965ccfc6d4b" outcome="Passed" testListId="8c84fa94-04c1-424b-9868-57a2d4851a1d" relativeResultsDirectory="bd3ff334-b759-40dd-a342-eeefd39adb7b" />
    <UnitTestResult executionId="f0656ee6-28cc-4489-9ed1-f3ccdaf28900" testId="decb639a-9f8b-4b39-2abc-f6305a04c992" testName="Infrastructure.Tests.Repositories.ClaimRepositoryTests.GetByUserIdAsync_ReturnsUserClaims" computerName="GOUTHAM-DESKTOP" duration="00:00:00.2149356" startTime="2026-03-23T14:48:19.7687269+05:30" endTime="2026-03-23T14:48:19.7687322+05:30" testType="13cdc9d9-ddb5-4fa4-a97d-d965ccfc6d4b" outcome="Passed" testListId="8c84fa94-04c1-424b-9868-57a2d4851a1d" relativeResultsDirectory="f0656ee6-28cc-4489-9ed1-f3ccdaf28900" />
    <UnitTestResult executionId="333b8efc-891a-4d17-a332-de85ef729113" testId="bf127822-4ac1-1344-d233-7038c2b0f43a" testName="Infrastructure.Tests.Services.JwtServiceTests.GenerateToken_ContainsExpectedClaims" computerName="GOUTHAM-DESKTOP" duration="00:00:00.0047589" startTime="2026-03-23T14:48:19.3491903+05:30" endTime="2026-03-23T14:48:19.3491907+05:30" testType="13cdc9d9-ddb5-4fa4-a97d-d965ccfc6d4b" outcome="Passed" testListId="8c84fa94-04c1-424b-9868-57a2d4851a1d" relativeResultsDirectory="333b8efc-891a-4d17-a332-de85ef729113" />
    <UnitTestResult executionId="c52d771a-b1f7-4736-a10c-edd3427f7669" testId="8bf5633d-18fd-3597-ab49-8ce2827ce297" testName="Infrastructure.Tests.Repositories.PolicyPaymentRepositoryTests.AddAsync_AddsPaymentToDatabase" computerName="GOUTHAM-DESKTOP" duration="00:00:00.0193350" startTime="2026-03-23T14:48:19.0257008+05:30" endTime="2026-03-23T14:48:19.0257009+05:30" testType="13cdc9d9-ddb5-4fa4-a97d-d965ccfc6d4b" outcome="Passed" testListId="8c84fa94-04c1-424b-9868-57a2d4851a1d" relativeResultsDirectory="c52d771a-b1f7-4736-a10c-edd3427f7669" />
    <UnitTestResult executionId="6d76f245-3c5b-4e0f-8c19-a8a594d521d8" testId="17a53e3e-fb7c-5149-2d1b-de5bd004ccef" testName="Infrastructure.Tests.Repositories.PlanRepositoryTests.AddAsync_AddsPlanToDatabase" computerName="GOUTHAM-DESKTOP" duration="00:00:00.0191007" startTime="2026-03-23T14:48:19.0255898+05:30" endTime="2026-03-23T14:48:19.0255903+05:30" testType="13cdc9d9-ddb5-4fa4-a97d-d965ccfc6d4b" outcome="Passed" testListId="8c84fa94-04c1-424b-9868-57a2d4851a1d" relativeResultsDirectory="6d76f245-3c5b-4e0f-8c19-a8a594d521d8" />
    <UnitTestResult executionId="4b6420df-efde-46ff-b3d1-da30545edfcf" testId="d57369be-2471-359c-2b79-148409a3bb86" testName="Infrastructure.Tests.Repositories.PolicyPaymentRepositoryTests.GetByIdAsync_Existing_ReturnsPayment" computerName="GOUTHAM-DESKTOP" duration="00:00:02.4099654" startTime="2026-03-23T14:48:18.9957782+05:30" endTime="2026-03-23T14:48:18.9957789+05:30" testType="13cdc9d9-ddb5-4fa4-a97d-d965ccfc6d4b" outcome="Passed" testListId="8c84fa94-04c1-424b-9868-57a2d4851a1d" relativeResultsDirectory="4b6420df-efde-46ff-b3d1-da30545edfcf" />
    <UnitTestResult executionId="f6f5e14c-2abc-48ae-a6e4-2902f61827e9" testId="fe34f3a4-555e-ba7c-7d25-82cd0518364f" testName="Infrastructure.Tests.Repositories.PlanRepositoryTests.GetByIdAsync_NonExisting_ReturnsNull" computerName="GOUTHAM-DESKTOP" duration="00:00:00.0016467" startTime="2026-03-23T14:48:19.0296956+05:30" endTime="2026-03-23T14:48:19.0296961+05:30" testType="13cdc9d9-ddb5-4fa4-a97d-d965ccfc6d4b" outcome="Passed" testListId="8c84fa94-04c1-424b-9868-57a2d4851a1d" relativeResultsDirectory="f6f5e14c-2abc-48ae-a6e4-2902f61827e9" />
    <UnitTestResult executionId="d2cb4fa5-69d7-4244-af55-0ca31ac606a6" testId="3ff0c5e7-fb33-147c-8914-b6365cb75f0d" testName="Infrastructure.Tests.Repositories.PolicyPaymentRepositoryTests.GetByPolicyIdAsync_ReturnsPaymentsForPolicy" computerName="GOUTHAM-DESKTOP" duration="00:00:00.0173437" startTime="2026-03-23T14:48:19.0907232+05:30" endTime="2026-03-23T14:48:19.0907237+05:30" testType="13cdc9d9-ddb5-4fa4-a97d-d965ccfc6d4b" outcome="Passed" testListId="8c84fa94-04c1-424b-9868-57a2d4851a1d" relativeResultsDirectory="d2cb4fa5-69d7-4244-af55-0ca31ac606a6" />
    <UnitTestResult executionId="50254fdf-d600-4660-923a-26eef5b25527" testId="79b1f349-5798-1bcd-5b81-7bec73c207ff" testName="Infrastructure.Tests.Repositories.PolicyPaymentRepositoryTests.UpdateAsync_ModifiesPayment" computerName="GOUTHAM-DESKTOP" duration="00:00:00.0524121" startTime="2026-03-23T14:48:19.0731369+05:30" endTime="2026-03-23T14:48:19.0731373+05:30" testType="13cdc9d9-ddb5-4fa4-a97d-d965ccfc6d4b" outcome="Passed" testListId="8c84fa94-04c1-424b-9868-57a2d4851a1d" relativeResultsDirectory="50254fdf-d600-4660-923a-26eef5b25527" />
    <UnitTestResult executionId="2195a2c6-5e31-4460-8dec-096081686e5c" testId="18b383ef-3ae7-8597-b31e-787ddb008af1" testName="Infrastructure.Tests.Repositories.ClaimRepositoryTests.AddAsync_AddsClaimToDatabase" computerName="GOUTHAM-DESKTOP" duration="00:00:00.2694023" startTime="2026-03-23T14:48:19.3619158+05:30" endTime="2026-03-23T14:48:19.3619162+05:30" testType="13cdc9d9-ddb5-4fa4-a97d-d965ccfc6d4b" outcome="Passed" testListId="8c84fa94-04c1-424b-9868-57a2d4851a1d" relativeResultsDirectory="2195a2c6-5e31-4460-8dec-096081686e5c" />
    <UnitTestResult executionId="8d533bf0-e3cc-4563-aa90-26be2ab18842" testId="73459e28-a93f-15c9-8d31-aae850a1b1af" testName="Infrastructure.Tests.Repositories.UserRepositoryTests.UpdateAsync_ModifiesUser" computerName="GOUTHAM-DESKTOP" duration="00:00:01.9816396" startTime="2026-03-23T14:48:18.5828763+05:30" endTime="2026-03-23T14:48:18.5842804+05:30" testType="13cdc9d9-ddb5-4fa4-a97d-d965ccfc6d4b" outcome="Passed" testListId="8c84fa94-04c1-424b-9868-57a2d4851a1d" relativeResultsDirectory="8d533bf0-e3cc-4563-aa90-26be2ab18842" />
    <UnitTestResult executionId="594dab04-69a8-4bfe-b6cc-7ae6a80cac7b" testId="3483c2ce-0fee-3caa-b89c-e44ad5488cb2" testName="Infrastructure.Tests.Repositories.UserRepositoryTests.GetByIdAsync_ExistingUser_ReturnsUser" computerName="GOUTHAM-DESKTOP" duration="00:00:00.0065311" startTime="2026-03-23T14:48:19.0995547+05:30" endTime="2026-03-23T14:48:19.0995552+05:30" testType="13cdc9d9-ddb5-4fa4-a97d-d965ccfc6d4b" outcome="Passed" testListId="8c84fa94-04c1-424b-9868-57a2d4851a1d" relativeResultsDirectory="594dab04-69a8-4bfe-b6cc-7ae6a80cac7b" />
    <UnitTestResult executionId="0244c6a8-32c7-484a-8a7f-8a53f0bf5d3c" testId="47c047fb-eca5-80a9-a0d5-2cbcf6694b25" testName="Infrastructure.Tests.Repositories.PlanRepositoryTests.DeleteAsync_SetsIsActiveToFalse" computerName="GOUTHAM-DESKTOP" duration="00:00:00.0053201" startTime="2026-03-23T14:48:19.0275949+05:30" endTime="2026-03-23T14:48:19.0275949+05:30" testType="13cdc9d9-ddb5-4fa4-a97d-d965ccfc6d4b" outcome="Passed" testListId="8c84fa94-04c1-424b-9868-57a2d4851a1d" relativeResultsDirectory="0244c6a8-32c7-484a-8a7f-8a53f0bf5d3c" />
    <UnitTestResult executionId="4fb3f38f-dbbc-40ac-b399-f5a18e762a5d" testId="e248c136-47ac-4241-2074-100eacca9864" testName="Infrastructure.Tests.Repositories.PolicyRepositoryTests.GetByIdAsync_ExistingPolicy_ReturnsPolicyWithIncludes" computerName="GOUTHAM-DESKTOP" duration="00:00:02.6803047" startTime="2026-03-23T14:48:19.2607692+05:30" endTime="2026-03-23T14:48:19.2607698+05:30" testType="13cdc9d9-ddb5-4fa4-a97d-d965ccfc6d4b" outcome="Passed" testListId="8c84fa94-04c1-424b-9868-57a2d4851a1d" relativeResultsDirectory="4fb3f38f-dbbc-40ac-b399-f5a18e762a5d" />
    <UnitTestResult executionId="a41b5c12-d750-4f85-9a2b-b760afa76ac9" testId="6dd9a99c-2bcd-9d15-55c4-0f5b63a51b42" testName="Infrastructure.Tests.Repositories.PolicyRepositoryTests.GetByUserIdAsync_ReturnsUserPolicies" computerName="GOUTHAM-DESKTOP" duration="00:00:00.1985209" startTime="2026-03-23T14:48:19.4688247+05:30" endTime="2026-03-23T14:48:19.4688252+05:30" testType="13cdc9d9-ddb5-4fa4-a97d-d965ccfc6d4b" outcome="Passed" testListId="8c84fa94-04c1-424b-9868-57a2d4851a1d" relativeResultsDirectory="a41b5c12-d750-4f85-9a2b-b760afa76ac9" />
    <UnitTestResult executionId="f65357d2-7754-466b-87f8-5dde5cf85821" testId="7d1fde92-c1eb-490a-ea24-16ab83ecba5e" testName="Infrastructure.Tests.Repositories.PolicyRepositoryTests.UpdateAsync_ModifiesPolicy" computerName="GOUTHAM-DESKTOP" duration="00:00:00.0045636" startTime="2026-03-23T14:48:19.2654921+05:30" endTime="2026-03-23T14:48:19.2654925+05:30" testType="13cdc9d9-ddb5-4fa4-a97d-d965ccfc6d4b" outcome="Passed" testListId="8c84fa94-04c1-424b-9868-57a2d4851a1d" relativeResultsDirectory="f65357d2-7754-466b-87f8-5dde5cf85821" />
    <UnitTestResult executionId="eacecd52-e2a8-4079-a901-68a77904960f" testId="01f9d487-e4cf-71cf-d322-420980b3e5fa" testName="Infrastructure.Tests.Repositories.PlanRepositoryTests.GetByIdAsync_ExistingPlan_ReturnsPlan" computerName="GOUTHAM-DESKTOP" duration="00:00:00.0711867" startTime="2026-03-23T14:48:19.0009970+05:30" endTime="2026-03-23T14:48:19.0009974+05:30" testType="13cdc9d9-ddb5-4fa4-a97d-d965ccfc6d4b" outcome="Passed" testListId="8c84fa94-04c1-424b-9868-57a2d4851a1d" relativeResultsDirectory="eacecd52-e2a8-4079-a901-68a77904960f" />
    <UnitTestResult executionId="52163907-f553-4e97-b97f-2be2be29fb28" testId="e52d0316-5b07-86a7-8d13-b88b80d4179c" testName="Infrastructure.Tests.Services.JwtServiceTests.GenerateToken_DifferentUsers_ProduceDifferentTokens" computerName="GOUTHAM-DESKTOP" duration="00:00:00.0039885" startTime="2026-03-23T14:48:19.3036013+05:30" endTime="2026-03-23T14:48:19.3036022+05:30" testType="13cdc9d9-ddb5-4fa4-a97d-d965ccfc6d4b" outcome="Passed" testListId="8c84fa94-04c1-424b-9868-57a2d4851a1d" relativeResultsDirectory="52163907-f553-4e97-b97f-2be2be29fb28" />
    <UnitTestResult executionId="c519af00-5e9e-48f4-b923-17377c77b62f" testId="fa291203-c994-c144-dc77-d9214bda9837" testName="Infrastructure.Tests.Repositories.PolicyRepositoryTests.AddAsync_AddsPolicyToDatabase" computerName="GOUTHAM-DESKTOP" duration="00:00:00.0044404" startTime="2026-03-23T14:48:19.2701111+05:30" endTime="2026-03-23T14:48:19.2701116+05:30" testType="13cdc9d9-ddb5-4fa4-a97d-d965ccfc6d4b" outcome="Passed" testListId="8c84fa94-04c1-424b-9868-57a2d4851a1d" relativeResultsDirectory="c519af00-5e9e-48f4-b923-17377c77b62f" />
    <UnitTestResult executionId="e69bf89e-353d-4d00-8a0e-cf86e09f9030" testId="24ab17b5-e64c-1f81-fea2-8dc70c4b2c39" testName="Infrastructure.Tests.Repositories.UserRepositoryTests.EmailExistsAsync_NonExistingEmail_ReturnsFalse" computerName="GOUTHAM-DESKTOP" duration="00:00:00.0016322" startTime="2026-03-23T14:48:19.0831834+05:30" endTime="2026-03-23T14:48:19.0831835+05:30" testType="13cdc9d9-ddb5-4fa4-a97d-d965ccfc6d4b" outcome="Passed" testListId="8c84fa94-04c1-424b-9868-57a2d4851a1d" relativeResultsDirectory="e69bf89e-353d-4d00-8a0e-cf86e09f9030" />
    <UnitTestResult executionId="bede1894-8575-4da7-8af3-acb7080c9751" testId="d4ccbd44-39ec-de68-2336-3768c8b5fb2c" testName="Infrastructure.Tests.Repositories.PlanRepositoryTests.UpdateAsync_ModifiesPlan" computerName="GOUTHAM-DESKTOP" duration="00:00:00.0033260" startTime="2026-03-23T14:48:19.0312526+05:30" endTime="2026-03-23T14:48:19.0312530+05:30" testType="13cdc9d9-ddb5-4fa4-a97d-d965ccfc6d4b" outcome="Passed" testListId="8c84fa94-04c1-424b-9868-57a2d4851a1d" relativeResultsDirectory="bede1894-8575-4da7-8af3-acb7080c9751" />
    <UnitTestResult executionId="fe96499f-ffe2-4cb1-a829-a0bc64a07fad" testId="e05961e0-2226-6fd1-ab69-0b312b60b43c" testName="Infrastructure.Tests.Repositories.ClaimRepositoryTests.GetByIdAsync_ExistingClaim_ReturnsClaimWithIncludes" computerName="GOUTHAM-DESKTOP" duration="00:00:00.1342067" startTime="2026-03-23T14:48:19.9219683+05:30" endTime="2026-03-23T14:48:19.9219689+05:30" testType="13cdc9d9-ddb5-4fa4-a97d-d965ccfc6d4b" outcome="Passed" testListId="8c84fa94-04c1-424b-9868-57a2d4851a1d" relativeResultsDirectory="fe96499f-ffe2-4cb1-a829-a0bc64a07fad" />
    <UnitTestResult executionId="6df8092c-7ee9-4348-b84e-7192ce06262c" testId="be5668d4-079b-e7d7-f00f-88904655c4f9" testName="Infrastructure.Tests.Repositories.PolicyRepositoryTests.GetByIdAsync_NonExisting_ReturnsNull" computerName="GOUTHAM-DESKTOP" duration="00:00:00.0026675" startTime="2026-03-23T14:48:19.4719523+05:30" endTime="2026-03-23T14:48:19.4719526+05:30" testType="13cdc9d9-ddb5-4fa4-a97d-d965ccfc6d4b" outcome="Passed" testListId="8c84fa94-04c1-424b-9868-57a2d4851a1d" relativeResultsDirectory="6df8092c-7ee9-4348-b84e-7192ce06262c" />
    <UnitTestResult executionId="bf2d10df-6bd9-490c-8fb6-2bc82743e55d" testId="84a22c58-162f-3ab9-b274-998e91e37f57" testName="Infrastructure.Tests.Repositories.UserRepositoryTests.GetAllAsync_ReturnsOnlyNonDeletedUsers" computerName="GOUTHAM-DESKTOP" duration="00:00:00.3451307" startTime="2026-03-23T14:48:18.9272624+05:30" endTime="2026-03-23T14:48:18.9272629+05:30" testType="13cdc9d9-ddb5-4fa4-a97d-d965ccfc6d4b" outcome="Passed" testListId="8c84fa94-04c1-424b-9868-57a2d4851a1d" relativeResultsDirectory="bf2d10df-6bd9-490c-8fb6-2bc82743e55d" />
    <UnitTestResult executionId="831c9460-7039-4341-b155-792b9eab4c0d" testId="87b082c8-c76c-d43b-e27e-885b05e496f7" testName="Infrastructure.Tests.Repositories.UserRepositoryTests.GetByIdAsync_NonExisting_ReturnsNull" computerName="GOUTHAM-DESKTOP" duration="00:00:00.0757434" startTime="2026-03-23T14:48:19.0035855+05:30" endTime="2026-03-23T14:48:19.0035859+05:30" testType="13cdc9d9-ddb5-4fa4-a97d-d965ccfc6d4b" outcome="Passed" testListId="8c84fa94-04c1-424b-9868-57a2d4851a1d" relativeResultsDirectory="831c9460-7039-4341-b155-792b9eab4c0d" />
    <UnitTestResult executionId="1953ad83-afc9-48d0-b2ca-07cb6ff8f962" testId="7d8385ed-21e9-7d29-219e-cf99ca32a7c0" testName="Infrastructure.Tests.Repositories.UserRepositoryTests.DeleteAsync_SoftDeletesUser" computerName="GOUTHAM-DESKTOP" duration="00:00:00.0342221" startTime="2026-03-23T14:48:19.1390450+05:30" endTime="2026-03-23T14:48:19.1390455+05:30" testType="13cdc9d9-ddb5-4fa4-a97d-d965ccfc6d4b" outcome="Passed" testListId="8c84fa94-04c1-424b-9868-57a2d4851a1d" relativeResultsDirectory="1953ad83-afc9-48d0-b2ca-07cb6ff8f962" />
    <UnitTestResult executionId="b8311d05-35f0-4a60-80ff-98cacc61238d" testId="61b39b60-8b8f-795e-3cb4-856529439893" testName="Infrastructure.Tests.Repositories.UserRepositoryTests.AddAsync_AddsUserToDatabase" computerName="GOUTHAM-DESKTOP" duration="00:00:00.0548640" startTime="2026-03-23T14:48:19.0830666+05:30" endTime="2026-03-23T14:48:19.0830670+05:30" testType="13cdc9d9-ddb5-4fa4-a97d-d965ccfc6d4b" outcome="Passed" testListId="8c84fa94-04c1-424b-9868-57a2d4851a1d" relativeResultsDirectory="b8311d05-35f0-4a60-80ff-98cacc61238d" />
    <UnitTestResult executionId="fe9bf9b7-beaa-4dcc-9161-49dd07a67681" testId="fcd41a68-ce48-74a0-0421-04a561e45fdc" testName="Infrastructure.Tests.Repositories.PlanRepositoryTests.GetAllAsync_ReturnsOnlyActivePlans" computerName="GOUTHAM-DESKTOP" duration="00:00:02.3490389" startTime="2026-03-23T14:48:18.9514579+05:30" endTime="2026-03-23T14:48:18.9514581+05:30" testType="13cdc9d9-ddb5-4fa4-a97d-d965ccfc6d4b" outcome="Passed" testListId="8c84fa94-04c1-424b-9868-57a2d4851a1d" relativeResultsDirectory="fe9bf9b7-beaa-4dcc-9161-49dd07a67681" />
    <UnitTestResult executionId="83f54586-b912-4218-98cc-b292c2f3d6bb" testId="ee40f578-bec1-9a95-6461-973aea59eb59" testName="Infrastructure.Tests.Repositories.ClaimRepositoryTests.GetAllAsync_ReturnsAllClaims" computerName="GOUTHAM-DESKTOP" duration="00:00:00.1913690" startTime="2026-03-23T14:48:19.5535635+05:30" endTime="2026-03-23T14:48:19.5535639+05:30" testType="13cdc9d9-ddb5-4fa4-a97d-d965ccfc6d4b" outcome="Passed" testListId="8c84fa94-04c1-424b-9868-57a2d4851a1d" relativeResultsDirectory="83f54586-b912-4218-98cc-b292c2f3d6bb" />
    <UnitTestResult executionId="ebee8f0d-53ed-4315-af12-f925ddc66d5d" testId="74af7ba4-e3a4-1465-3604-37843405a9d7" testName="Infrastructure.Tests.Repositories.ClaimRepositoryTests.UpdateAsync_ModifiesClaim" computerName="GOUTHAM-DESKTOP" duration="00:00:00.0186947" startTime="2026-03-23T14:48:19.7876086+05:30" endTime="2026-03-23T14:48:19.7876091+05:30" testType="13cdc9d9-ddb5-4fa4-a97d-d965ccfc6d4b" outcome="Passed" testListId="8c84fa94-04c1-424b-9868-57a2d4851a1d" relativeResultsDirectory="ebee8f0d-53ed-4315-af12-f925ddc66d5d" />
    <UnitTestResult executionId="03dfdf44-e617-425b-9806-686a218f2e62" testId="74f86614-d87c-d04f-c672-b55d975da5a1" testName="Infrastructure.Tests.Repositories.UserRepositoryTests.GetByEmailAsync_ExistingEmail_ReturnsUser" computerName="GOUTHAM-DESKTOP" duration="00:00:00.0150380" startTime="2026-03-23T14:48:19.0965350+05:30" endTime="2026-03-23T14:48:19.0965356+05:30" testType="13cdc9d9-ddb5-4fa4-a97d-d965ccfc6d4b" outcome="Passed" testListId="8c84fa94-04c1-424b-9868-57a2d4851a1d" relativeResultsDirectory="03dfdf44-e617-425b-9806-686a218f2e62" />
    <UnitTestResult executionId="ab6961cb-d0d1-4cdd-8df2-1ca85bceef00" testId="30e185ea-0cd1-434d-b54b-1605946bb790" testName="Infrastructure.Tests.Services.JwtServiceTests.GenerateToken_HasCorrectIssuerAndAudience" computerName="GOUTHAM-DESKTOP" duration="00:00:00.2628488" startTime="2026-03-23T14:48:19.2997234+05:30" endTime="2026-03-23T14:48:19.2997239+05:30" testType="13cdc9d9-ddb5-4fa4-a97d-d965ccfc6d4b" outcome="Passed" testListId="8c84fa94-04c1-424b-9868-57a2d4851a1d" relativeResultsDirectory="ab6961cb-d0d1-4cdd-8df2-1ca85bceef00" />
    <UnitTestResult executionId="ff7e64e6-03ef-4395-8d2a-6ba61c5cecf0" testId="0f9332fd-2bc3-8c7f-f697-4f9eeb7fea02" testName="Infrastructure.Tests.Services.JwtServiceTests.GenerateToken_ReturnsNonEmptyString" computerName="GOUTHAM-DESKTOP" duration="00:00:00.0402897" startTime="2026-03-23T14:48:19.3440335+05:30" endTime="2026-03-23T14:48:19.3440340+05:30" testType="13cdc9d9-ddb5-4fa4-a97d-d965ccfc6d4b" outcome="Passed" testListId="8c84fa94-04c1-424b-9868-57a2d4851a1d" relativeResultsDirectory="ff7e64e6-03ef-4395-8d2a-6ba61c5cecf0" />
  </Results>
  <TestDefinitions>
    <UnitTest name="Infrastructure.Tests.Repositories.PolicyRepositoryTests.GetByIdAsync_NonExisting_ReturnsNull" storage="c:\users\dell\desktop\goutham\backend\infrastructure.tests\bin\debug\net8.0\infrastructure.tests.dll" id="be5668d4-079b-e7d7-f00f-88904655c4f9">
      <Execution id="6df8092c-7ee9-4348-b84e-7192ce06262c" />
      <TestMethod codeBase="c:\Users\DELL\Desktop\GOUTHAM\backend\Infrastructure.Tests\bin\Debug\net8.0\Infrastructure.Tests.dll" adapterTypeName="executor://xunit/VsTestRunner2/netcoreapp" className="Infrastructure.Tests.Repositories.PolicyRepositoryTests" name="GetByIdAsync_NonExisting_ReturnsNull" />
    </UnitTest>
    <UnitTest name="Infrastructure.Tests.Repositories.ClaimRepositoryTests.AddAsync_AddsClaimToDatabase" storage="c:\users\dell\desktop\goutham\backend\infrastructure.tests\bin\debug\net8.0\infrastructure.tests.dll" id="18b383ef-3ae7-8597-b31e-787ddb008af1">
      <Execution id="2195a2c6-5e31-4460-8dec-096081686e5c" />
      <TestMethod codeBase="c:\Users\DELL\Desktop\GOUTHAM\backend\Infrastructure.Tests\bin\Debug\net8.0\Infrastructure.Tests.dll" adapterTypeName="executor://xunit/VsTestRunner2/netcoreapp" className="Infrastructure.Tests.Repositories.ClaimRepositoryTests" name="AddAsync_AddsClaimToDatabase" />
    </UnitTest>
    <UnitTest name="Infrastructure.Tests.Repositories.UserRepositoryTests.GetAllAsync_ReturnsOnlyNonDeletedUsers" storage="c:\users\dell\desktop\goutham\backend\infrastructure.tests\bin\debug\net8.0\infrastructure.tests.dll" id="84a22c58-162f-3ab9-b274-998e91e37f57">
      <Execution id="bf2d10df-6bd9-490c-8fb6-2bc82743e55d" />
      <TestMethod codeBase="c:\Users\DELL\Desktop\GOUTHAM\backend\Infrastructure.Tests\bin\Debug\net8.0\Infrastructure.Tests.dll" adapterTypeName="executor://xunit/VsTestRunner2/netcoreapp" className="Infrastructure.Tests.Repositories.UserRepositoryTests" name="GetAllAsync_ReturnsOnlyNonDeletedUsers" />
    </UnitTest>
    <UnitTest name="Infrastructure.Tests.Repositories.PolicyPaymentRepositoryTests.GetByIdAsync_Existing_ReturnsPayment" storage="c:\users\dell\desktop\goutham\backend\infrastructure.tests\bin\debug\net8.0\infrastructure.tests.dll" id="d57369be-2471-359c-2b79-148409a3bb86">
      <Execution id="4b6420df-efde-46ff-b3d1-da30545edfcf" />
      <TestMethod codeBase="c:\Users\DELL\Desktop\GOUTHAM\backend\Infrastructure.Tests\bin\Debug\net8.0\Infrastructure.Tests.dll" adapterTypeName="executor://xunit/VsTestRunner2/netcoreapp" className="Infrastructure.Tests.Repositories.PolicyPaymentRepositoryTests" name="GetByIdAsync_Existing_ReturnsPayment" />
    </UnitTest>
    <UnitTest name="Infrastructure.Tests.Services.JwtServiceTests.GenerateToken_ContainsExpectedClaims" storage="c:\users\dell\desktop\goutham\backend\infrastructure.tests\bin\debug\net8.0\infrastructure.tests.dll" id="bf127822-4ac1-1344-d233-7038c2b0f43a">
      <Execution id="333b8efc-891a-4d17-a332-de85ef729113" />
      <TestMethod codeBase="c:\Users\DELL\Desktop\GOUTHAM\backend\Infrastructure.Tests\bin\Debug\net8.0\Infrastructure.Tests.dll" adapterTypeName="executor://xunit/VsTestRunner2/netcoreapp" className="Infrastructure.Tests.Services.JwtServiceTests" name="GenerateToken_ContainsExpectedClaims" />
    </UnitTest>
    <UnitTest name="Infrastructure.Tests.Services.JwtServiceTests.GenerateToken_DifferentUsers_ProduceDifferentTokens" storage="c:\users\dell\desktop\goutham\backend\infrastructure.tests\bin\debug\net8.0\infrastructure.tests.dll" id="e52d0316-5b07-86a7-8d13-b88b80d4179c">
      <Execution id="52163907-f553-4e97-b97f-2be2be29fb28" />
      <TestMethod codeBase="c:\Users\DELL\Desktop\GOUTHAM\backend\Infrastructure.Tests\bin\Debug\net8.0\Infrastructure.Tests.dll" adapterTypeName="executor://xunit/VsTestRunner2/netcoreapp" className="Infrastructure.Tests.Services.JwtServiceTests" name="GenerateToken_DifferentUsers_ProduceDifferentTokens" />
    </UnitTest>
    <UnitTest name="Infrastructure.Tests.Repositories.ClaimRepositoryTests.GetAllAsync_ReturnsAllClaims" storage="c:\users\dell\desktop\goutham\backend\infrastructure.tests\bin\debug\net8.0\infrastructure.tests.dll" id="ee40f578-bec1-9a95-6461-973aea59eb59">
      <Execution id="83f54586-b912-4218-98cc-b292c2f3d6bb" />
      <TestMethod codeBase="c:\Users\DELL\Desktop\GOUTHAM\backend\Infrastructure.Tests\bin\Debug\net8.0\Infrastructure.Tests.dll" adapterTypeName="executor://xunit/VsTestRunner2/netcoreapp" className="Infrastructure.Tests.Repositories.ClaimRepositoryTests" name="GetAllAsync_ReturnsAllClaims" />
    </UnitTest>
    <UnitTest name="Infrastructure.Tests.Repositories.UserRepositoryTests.GetByIdAsync_NonExisting_ReturnsNull" storage="c:\users\dell\desktop\goutham\backend\infrastructure.tests\bin\debug\net8.0\infrastructure.tests.dll" id="87b082c8-c76c-d43b-e27e-885b05e496f7">
      <Execution id="831c9460-7039-4341-b155-792b9eab4c0d" />
      <TestMethod codeBase="c:\Users\DELL\Desktop\GOUTHAM\backend\Infrastructure.Tests\bin\Debug\net8.0\Infrastructure.Tests.dll" adapterTypeName="executor://xunit/VsTestRunner2/netcoreapp" className="Infrastructure.Tests.Repositories.UserRepositoryTests" name="GetByIdAsync_NonExisting_ReturnsNull" />
    </UnitTest>
    <UnitTest name="Infrastructure.Tests.Repositories.PolicyRepositoryTests.GetByUserIdAsync_ReturnsUserPolicies" storage="c:\users\dell\desktop\goutham\backend\infrastructure.tests\bin\debug\net8.0\infrastructure.tests.dll" id="6dd9a99c-2bcd-9d15-55c4-0f5b63a51b42">
      <Execution id="a41b5c12-d750-4f85-9a2b-b760afa76ac9" />
      <TestMethod codeBase="c:\Users\DELL\Desktop\GOUTHAM\backend\Infrastructure.Tests\bin\Debug\net8.0\Infrastructure.Tests.dll" adapterTypeName="executor://xunit/VsTestRunner2/netcoreapp" className="Infrastructure.Tests.Repositories.PolicyRepositoryTests" name="GetByUserIdAsync_ReturnsUserPolicies" />
    </UnitTest>
    <UnitTest name="Infrastructure.Tests.Repositories.UserRepositoryTests.AddAsync_AddsUserToDatabase" storage="c:\users\dell\desktop\goutham\backend\infrastructure.tests\bin\debug\net8.0\infrastructure.tests.dll" id="61b39b60-8b8f-795e-3cb4-856529439893">
      <Execution id="b8311d05-35f0-4a60-80ff-98cacc61238d" />
      <TestMethod codeBase="c:\Users\DELL\Desktop\GOUTHAM\backend\Infrastructure.Tests\bin\Debug\net8.0\Infrastructure.Tests.dll" adapterTypeName="executor://xunit/VsTestRunner2/netcoreapp" className="Infrastructure.Tests.Repositories.UserRepositoryTests" name="AddAsync_AddsUserToDatabase" />
    </UnitTest>
    <UnitTest name="Infrastructure.Tests.Services.JwtServiceTests.GenerateToken_ReturnsNonEmptyString" storage="c:\users\dell\desktop\goutham\backend\infrastructure.tests\bin\debug\net8.0\infrastructure.tests.dll" id="0f9332fd-2bc3-8c7f-f697-4f9eeb7fea02">
      <Execution id="ff7e64e6-03ef-4395-8d2a-6ba61c5cecf0" />
      <TestMethod codeBase="c:\Users\DELL\Desktop\GOUTHAM\backend\Infrastructure.Tests\bin\Debug\net8.0\Infrastructure.Tests.dll" adapterTypeName="executor://xunit/VsTestRunner2/netcoreapp" className="Infrastructure.Tests.Services.JwtServiceTests" name="GenerateToken_ReturnsNonEmptyString" />
    </UnitTest>
    <UnitTest name="Infrastructure.Tests.Repositories.ClaimRepositoryTests.GetByIdAsync_ExistingClaim_ReturnsClaimWithIncludes" storage="c:\users\dell\desktop\goutham\backend\infrastructure.tests\bin\debug\net8.0\infrastructure.tests.dll" id="e05961e0-2226-6fd1-ab69-0b312b60b43c">
      <Execution id="fe96499f-ffe2-4cb1-a829-a0bc64a07fad" />
      <TestMethod codeBase="c:\Users\DELL\Desktop\GOUTHAM\backend\Infrastructure.Tests\bin\Debug\net8.0\Infrastructure.Tests.dll" adapterTypeName="executor://xunit/VsTestRunner2/netcoreapp" className="Infrastructure.Tests.Repositories.ClaimRepositoryTests" name="GetByIdAsync_ExistingClaim_ReturnsClaimWithIncludes" />
    </UnitTest>
    <UnitTest name="Infrastructure.Tests.Repositories.PolicyRepositoryTests.AddAsync_AddsPolicyToDatabase" storage="c:\users\dell\desktop\goutham\backend\infrastructure.tests\bin\debug\net8.0\infrastructure.tests.dll" id="fa291203-c994-c144-dc77-d9214bda9837">
      <Execution id="c519af00-5e9e-48f4-b923-17377c77b62f" />
      <TestMethod codeBase="c:\Users\DELL\Desktop\GOUTHAM\backend\Infrastructure.Tests\bin\Debug\net8.0\Infrastructure.Tests.dll" adapterTypeName="executor://xunit/VsTestRunner2/netcoreapp" className="Infrastructure.Tests.Repositories.PolicyRepositoryTests" name="AddAsync_AddsPolicyToDatabase" />
    </UnitTest>
    <UnitTest name="Infrastructure.Tests.Repositories.PolicyPaymentRepositoryTests.UpdateAsync_ModifiesPayment" storage="c:\users\dell\desktop\goutham\backend\infrastructure.tests\bin\debug\net8.0\infrastructure.tests.dll" id="79b1f349-5798-1bcd-5b81-7bec73c207ff">
      <Execution id="50254fdf-d600-4660-923a-26eef5b25527" />
      <TestMethod codeBase="c:\Users\DELL\Desktop\GOUTHAM\backend\Infrastructure.Tests\bin\Debug\net8.0\Infrastructure.Tests.dll" adapterTypeName="executor://xunit/VsTestRunner2/netcoreapp" className="Infrastructure.Tests.Repositories.PolicyPaymentRepositoryTests" name="UpdateAsync_ModifiesPayment" />
    </UnitTest>
    <UnitTest name="Infrastructure.Tests.Repositories.PlanRepositoryTests.AddAsync_AddsPlanToDatabase" storage="c:\users\dell\desktop\goutham\backend\infrastructure.tests\bin\debug\net8.0\infrastructure.tests.dll" id="17a53e3e-fb7c-5149-2d1b-de5bd004ccef">
      <Execution id="6d76f245-3c5b-4e0f-8c19-a8a594d521d8" />
      <TestMethod codeBase="c:\Users\DELL\Desktop\GOUTHAM\backend\Infrastructure.Tests\bin\Debug\net8.0\Infrastructure.Tests.dll" adapterTypeName="executor://xunit/VsTestRunner2/netcoreapp" className="Infrastructure.Tests.Repositories.PlanRepositoryTests" name="AddAsync_AddsPlanToDatabase" />
    </UnitTest>
    <UnitTest name="Infrastructure.Tests.Repositories.UserRepositoryTests.UpdateAsync_ModifiesUser" storage="c:\users\dell\desktop\goutham\backend\infrastructure.tests\bin\debug\net8.0\infrastructure.tests.dll" id="73459e28-a93f-15c9-8d31-aae850a1b1af">
      <Execution id="8d533bf0-e3cc-4563-aa90-26be2ab18842" />
      <TestMethod codeBase="c:\Users\DELL\Desktop\GOUTHAM\backend\Infrastructure.Tests\bin\Debug\net8.0\Infrastructure.Tests.dll" adapterTypeName="executor://xunit/VsTestRunner2/netcoreapp" className="Infrastructure.Tests.Repositories.UserRepositoryTests" name="UpdateAsync_ModifiesUser" />
    </UnitTest>
    <UnitTest name="Infrastructure.Tests.Repositories.UserRepositoryTests.GetByEmailAsync_DeletedUser_ReturnsNull" storage="c:\users\dell\desktop\goutham\backend\infrastructure.tests\bin\debug\net8.0\infrastructure.tests.dll" id="285e2612-58ec-2c04-abae-fd3e73d0f894">
      <Execution id="09ec7369-725c-4c02-8cdb-fd19a6b701f7" />
      <TestMethod codeBase="c:\Users\DELL\Desktop\GOUTHAM\backend\Infrastructure.Tests\bin\Debug\net8.0\Infrastructure.Tests.dll" adapterTypeName="executor://xunit/VsTestRunner2/netcoreapp" className="Infrastructure.Tests.Repositories.UserRepositoryTests" name="GetByEmailAsync_DeletedUser_ReturnsNull" />
    </UnitTest>
    <UnitTest name="Infrastructure.Tests.Repositories.PlanRepositoryTests.GetAllAsync_ReturnsOnlyActivePlans" storage="c:\users\dell\desktop\goutham\backend\infrastructure.tests\bin\debug\net8.0\infrastructure.tests.dll" id="fcd41a68-ce48-74a0-0421-04a561e45fdc">
      <Execution id="fe9bf9b7-beaa-4dcc-9161-49dd07a67681" />
      <TestMethod codeBase="c:\Users\DELL\Desktop\GOUTHAM\backend\Infrastructure.Tests\bin\Debug\net8.0\Infrastructure.Tests.dll" adapterTypeName="executor://xunit/VsTestRunner2/netcoreapp" className="Infrastructure.Tests.Repositories.PlanRepositoryTests" name="GetAllAsync_ReturnsOnlyActivePlans" />
    </UnitTest>
    <UnitTest name="Infrastructure.Tests.Repositories.PolicyPaymentRepositoryTests.AddAsync_AddsPaymentToDatabase" storage="c:\users\dell\desktop\goutham\backend\infrastructure.tests\bin\debug\net8.0\infrastructure.tests.dll" id="8bf5633d-18fd-3597-ab49-8ce2827ce297">
      <Execution id="c52d771a-b1f7-4736-a10c-edd3427f7669" />
      <TestMethod codeBase="c:\Users\DELL\Desktop\GOUTHAM\backend\Infrastructure.Tests\bin\Debug\net8.0\Infrastructure.Tests.dll" adapterTypeName="executor://xunit/VsTestRunner2/netcoreapp" className="Infrastructure.Tests.Repositories.PolicyPaymentRepositoryTests" name="AddAsync_AddsPaymentToDatabase" />
    </UnitTest>
    <UnitTest name="Infrastructure.Tests.Services.JwtServiceTests.GenerateToken_HasCorrectIssuerAndAudience" storage="c:\users\dell\desktop\goutham\backend\infrastructure.tests\bin\debug\net8.0\infrastructure.tests.dll" id="30e185ea-0cd1-434d-b54b-1605946bb790">
      <Execution id="ab6961cb-d0d1-4cdd-8df2-1ca85bceef00" />
      <TestMethod codeBase="c:\Users\DELL\Desktop\GOUTHAM\backend\Infrastructure.Tests\bin\Debug\net8.0\Infrastructure.Tests.dll" adapterTypeName="executor://xunit/VsTestRunner2/netcoreapp" className="Infrastructure.Tests.Services.JwtServiceTests" name="GenerateToken_HasCorrectIssuerAndAudience" />
    </UnitTest>
    <UnitTest name="Infrastructure.Tests.Repositories.PlanRepositoryTests.GetByIdAsync_ExistingPlan_ReturnsPlan" storage="c:\users\dell\desktop\goutham\backend\infrastructure.tests\bin\debug\net8.0\infrastructure.tests.dll" id="01f9d487-e4cf-71cf-d322-420980b3e5fa">
      <Execution id="eacecd52-e2a8-4079-a901-68a77904960f" />
      <TestMethod codeBase="c:\Users\DELL\Desktop\GOUTHAM\backend\Infrastructure.Tests\bin\Debug\net8.0\Infrastructure.Tests.dll" adapterTypeName="executor://xunit/VsTestRunner2/netcoreapp" className="Infrastructure.Tests.Repositories.PlanRepositoryTests" name="GetByIdAsync_ExistingPlan_ReturnsPlan" />
    </UnitTest>
    <UnitTest name="Infrastructure.Tests.Repositories.UserRepositoryTests.DeleteAsync_SoftDeletesUser" storage="c:\users\dell\desktop\goutham\backend\infrastructure.tests\bin\debug\net8.0\infrastructure.tests.dll" id="7d8385ed-21e9-7d29-219e-cf99ca32a7c0">
      <Execution id="1953ad83-afc9-48d0-b2ca-07cb6ff8f962" />
      <TestMethod codeBase="c:\Users\DELL\Desktop\GOUTHAM\backend\Infrastructure.Tests\bin\Debug\net8.0\Infrastructure.Tests.dll" adapterTypeName="executor://xunit/VsTestRunner2/netcoreapp" className="Infrastructure.Tests.Repositories.UserRepositoryTests" name="DeleteAsync_SoftDeletesUser" />
    </UnitTest>
    <UnitTest name="Infrastructure.Tests.Repositories.PlanRepositoryTests.DeleteAsync_SetsIsActiveToFalse" storage="c:\users\dell\desktop\goutham\backend\infrastructure.tests\bin\debug\net8.0\infrastructure.tests.dll" id="47c047fb-eca5-80a9-a0d5-2cbcf6694b25">
      <Execution id="0244c6a8-32c7-484a-8a7f-8a53f0bf5d3c" />
      <TestMethod codeBase="c:\Users\DELL\Desktop\GOUTHAM\backend\Infrastructure.Tests\bin\Debug\net8.0\Infrastructure.Tests.dll" adapterTypeName="executor://xunit/VsTestRunner2/netcoreapp" className="Infrastructure.Tests.Repositories.PlanRepositoryTests" name="DeleteAsync_SetsIsActiveToFalse" />
    </UnitTest>
    <UnitTest name="Infrastructure.Tests.Repositories.ClaimRepositoryTests.UpdateAsync_ModifiesClaim" storage="c:\users\dell\desktop\goutham\backend\infrastructure.tests\bin\debug\net8.0\infrastructure.tests.dll" id="74af7ba4-e3a4-1465-3604-37843405a9d7">
      <Execution id="ebee8f0d-53ed-4315-af12-f925ddc66d5d" />
      <TestMethod codeBase="c:\Users\DELL\Desktop\GOUTHAM\backend\Infrastructure.Tests\bin\Debug\net8.0\Infrastructure.Tests.dll" adapterTypeName="executor://xunit/VsTestRunner2/netcoreapp" className="Infrastructure.Tests.Repositories.ClaimRepositoryTests" name="UpdateAsync_ModifiesClaim" />
    </UnitTest>
    <UnitTest name="Infrastructure.Tests.Repositories.PolicyPaymentRepositoryTests.GetByPolicyIdAsync_ReturnsPaymentsForPolicy" storage="c:\users\dell\desktop\goutham\backend\infrastructure.tests\bin\debug\net8.0\infrastructure.tests.dll" id="3ff0c5e7-fb33-147c-8914-b6365cb75f0d">
      <Execution id="d2cb4fa5-69d7-4244-af55-0ca31ac606a6" />
      <TestMethod codeBase="c:\Users\DELL\Desktop\GOUTHAM\backend\Infrastructure.Tests\bin\Debug\net8.0\Infrastructure.Tests.dll" adapterTypeName="executor://xunit/VsTestRunner2/netcoreapp" className="Infrastructure.Tests.Repositories.PolicyPaymentRepositoryTests" name="GetByPolicyIdAsync_ReturnsPaymentsForPolicy" />
    </UnitTest>
    <UnitTest name="Infrastructure.Tests.Repositories.UserRepositoryTests.EmailExistsAsync_ExistingEmail_ReturnsTrue" storage="c:\users\dell\desktop\goutham\backend\infrastructure.tests\bin\debug\net8.0\infrastructure.tests.dll" id="b2eb9ddb-777e-1a43-475c-d71b91f89458">
      <Execution id="2a1a86d0-8170-4e40-8ff0-b4b7d3ede0a4" />
      <TestMethod codeBase="c:\Users\DELL\Desktop\GOUTHAM\backend\Infrastructure.Tests\bin\Debug\net8.0\Infrastructure.Tests.dll" adapterTypeName="executor://xunit/VsTestRunner2/netcoreapp" className="Infrastructure.Tests.Repositories.UserRepositoryTests" name="EmailExistsAsync_ExistingEmail_ReturnsTrue" />
    </UnitTest>
    <UnitTest name="Infrastructure.Tests.Repositories.UserRepositoryTests.GetByEmailAsync_ExistingEmail_ReturnsUser" storage="c:\users\dell\desktop\goutham\backend\infrastructure.tests\bin\debug\net8.0\infrastructure.tests.dll" id="74f86614-d87c-d04f-c672-b55d975da5a1">
      <Execution id="03dfdf44-e617-425b-9806-686a218f2e62" />
      <TestMethod codeBase="c:\Users\DELL\Desktop\GOUTHAM\backend\Infrastructure.Tests\bin\Debug\net8.0\Infrastructure.Tests.dll" adapterTypeName="executor://xunit/VsTestRunner2/netcoreapp" className="Infrastructure.Tests.Repositories.UserRepositoryTests" name="GetByEmailAsync_ExistingEmail_ReturnsUser" />
    </UnitTest>
    <UnitTest name="Infrastructure.Tests.Repositories.PlanRepositoryTests.UpdateAsync_ModifiesPlan" storage="c:\users\dell\desktop\goutham\backend\infrastructure.tests\bin\debug\net8.0\infrastructure.tests.dll" id="d4ccbd44-39ec-de68-2336-3768c8b5fb2c">
      <Execution id="bede1894-8575-4da7-8af3-acb7080c9751" />
      <TestMethod codeBase="c:\Users\DELL\Desktop\GOUTHAM\backend\Infrastructure.Tests\bin\Debug\net8.0\Infrastructure.Tests.dll" adapterTypeName="executor://xunit/VsTestRunner2/netcoreapp" className="Infrastructure.Tests.Repositories.PlanRepositoryTests" name="UpdateAsync_ModifiesPlan" />
    </UnitTest>
    <UnitTest name="Infrastructure.Tests.Repositories.PolicyRepositoryTests.GetByIdAsync_ExistingPolicy_ReturnsPolicyWithIncludes" storage="c:\users\dell\desktop\goutham\backend\infrastructure.tests\bin\debug\net8.0\infrastructure.tests.dll" id="e248c136-47ac-4241-2074-100eacca9864">
      <Execution id="4fb3f38f-dbbc-40ac-b399-f5a18e762a5d" />
      <TestMethod codeBase="c:\Users\DELL\Desktop\GOUTHAM\backend\Infrastructure.Tests\bin\Debug\net8.0\Infrastructure.Tests.dll" adapterTypeName="executor://xunit/VsTestRunner2/netcoreapp" className="Infrastructure.Tests.Repositories.PolicyRepositoryTests" name="GetByIdAsync_ExistingPolicy_ReturnsPolicyWithIncludes" />
    </UnitTest>
    <UnitTest name="Infrastructure.Tests.Repositories.PolicyRepositoryTests.UpdateAsync_ModifiesPolicy" storage="c:\users\dell\desktop\goutham\backend\infrastructure.tests\bin\debug\net8.0\infrastructure.tests.dll" id="7d1fde92-c1eb-490a-ea24-16ab83ecba5e">
      <Execution id="f65357d2-7754-466b-87f8-5dde5cf85821" />
      <TestMethod codeBase="c:\Users\DELL\Desktop\GOUTHAM\backend\Infrastructure.Tests\bin\Debug\net8.0\Infrastructure.Tests.dll" adapterTypeName="executor://xunit/VsTestRunner2/netcoreapp" className="Infrastructure.Tests.Repositories.PolicyRepositoryTests" name="UpdateAsync_ModifiesPolicy" />
    </UnitTest>
    <UnitTest name="Infrastructure.Tests.Repositories.PlanRepositoryTests.GetByIdAsync_NonExisting_ReturnsNull" storage="c:\users\dell\desktop\goutham\backend\infrastructure.tests\bin\debug\net8.0\infrastructure.tests.dll" id="fe34f3a4-555e-ba7c-7d25-82cd0518364f">
      <Execution id="f6f5e14c-2abc-48ae-a6e4-2902f61827e9" />
      <TestMethod codeBase="c:\Users\DELL\Desktop\GOUTHAM\backend\Infrastructure.Tests\bin\Debug\net8.0\Infrastructure.Tests.dll" adapterTypeName="executor://xunit/VsTestRunner2/netcoreapp" className="Infrastructure.Tests.Repositories.PlanRepositoryTests" name="GetByIdAsync_NonExisting_ReturnsNull" />
    </UnitTest>
    <UnitTest name="Infrastructure.Tests.Repositories.ClaimRepositoryTests.GetByUserIdAsync_ReturnsUserClaims" storage="c:\users\dell\desktop\goutham\backend\infrastructure.tests\bin\debug\net8.0\infrastructure.tests.dll" id="decb639a-9f8b-4b39-2abc-f6305a04c992">
      <Execution id="f0656ee6-28cc-4489-9ed1-f3ccdaf28900" />
      <TestMethod codeBase="c:\Users\DELL\Desktop\GOUTHAM\backend\Infrastructure.Tests\bin\Debug\net8.0\Infrastructure.Tests.dll" adapterTypeName="executor://xunit/VsTestRunner2/netcoreapp" className="Infrastructure.Tests.Repositories.ClaimRepositoryTests" name="GetByUserIdAsync_ReturnsUserClaims" />
    </UnitTest>
    <UnitTest name="Infrastructure.Tests.Repositories.UserRepositoryTests.GetByIdAsync_ExistingUser_ReturnsUser" storage="c:\users\dell\desktop\goutham\backend\infrastructure.tests\bin\debug\net8.0\infrastructure.tests.dll" id="3483c2ce-0fee-3caa-b89c-e44ad5488cb2">
      <Execution id="594dab04-69a8-4bfe-b6cc-7ae6a80cac7b" />
      <TestMethod codeBase="c:\Users\DELL\Desktop\GOUTHAM\backend\Infrastructure.Tests\bin\Debug\net8.0\Infrastructure.Tests.dll" adapterTypeName="executor://xunit/VsTestRunner2/netcoreapp" className="Infrastructure.Tests.Repositories.UserRepositoryTests" name="GetByIdAsync_ExistingUser_ReturnsUser" />
    </UnitTest>
    <UnitTest name="Infrastructure.Tests.Repositories.PolicyPaymentRepositoryTests.GetByIdAsync_NonExisting_ReturnsNull" storage="c:\users\dell\desktop\goutham\backend\infrastructure.tests\bin\debug\net8.0\infrastructure.tests.dll" id="2fb14ded-0781-3db3-b8a5-6dd9008c464c">
      <Execution id="bd3ff334-b759-40dd-a342-eeefd39adb7b" />
      <TestMethod codeBase="c:\Users\DELL\Desktop\GOUTHAM\backend\Infrastructure.Tests\bin\Debug\net8.0\Infrastructure.Tests.dll" adapterTypeName="executor://xunit/VsTestRunner2/netcoreapp" className="Infrastructure.Tests.Repositories.PolicyPaymentRepositoryTests" name="GetByIdAsync_NonExisting_ReturnsNull" />
    </UnitTest>
    <UnitTest name="Infrastructure.Tests.Repositories.UserRepositoryTests.EmailExistsAsync_NonExistingEmail_ReturnsFalse" storage="c:\users\dell\desktop\goutham\backend\infrastructure.tests\bin\debug\net8.0\infrastructure.tests.dll" id="24ab17b5-e64c-1f81-fea2-8dc70c4b2c39">
      <Execution id="e69bf89e-353d-4d00-8a0e-cf86e09f9030" />
      <TestMethod codeBase="c:\Users\DELL\Desktop\GOUTHAM\backend\Infrastructure.Tests\bin\Debug\net8.0\Infrastructure.Tests.dll" adapterTypeName="executor://xunit/VsTestRunner2/netcoreapp" className="Infrastructure.Tests.Repositories.UserRepositoryTests" name="EmailExistsAsync_NonExistingEmail_ReturnsFalse" />
    </UnitTest>
  </TestDefinitions>
  <TestEntries>
    <TestEntry testId="b2eb9ddb-777e-1a43-475c-d71b91f89458" executionId="2a1a86d0-8170-4e40-8ff0-b4b7d3ede0a4" testListId="8c84fa94-04c1-424b-9868-57a2d4851a1d" />
    <TestEntry testId="285e2612-58ec-2c04-abae-fd3e73d0f894" executionId="09ec7369-725c-4c02-8cdb-fd19a6b701f7" testListId="8c84fa94-04c1-424b-9868-57a2d4851a1d" />
    <TestEntry testId="2fb14ded-0781-3db3-b8a5-6dd9008c464c" executionId="bd3ff334-b759-40dd-a342-eeefd39adb7b" testListId="8c84fa94-04c1-424b-9868-57a2d4851a1d" />
    <TestEntry testId="decb639a-9f8b-4b39-2abc-f6305a04c992" executionId="f0656ee6-28cc-4489-9ed1-f3ccdaf28900" testListId="8c84fa94-04c1-424b-9868-57a2d4851a1d" />
    <TestEntry testId="bf127822-4ac1-1344-d233-7038c2b0f43a" executionId="333b8efc-891a-4d17-a332-de85ef729113" testListId="8c84fa94-04c1-424b-9868-57a2d4851a1d" />
    <TestEntry testId="8bf5633d-18fd-3597-ab49-8ce2827ce297" executionId="c52d771a-b1f7-4736-a10c-edd3427f7669" testListId="8c84fa94-04c1-424b-9868-57a2d4851a1d" />
    <TestEntry testId="17a53e3e-fb7c-5149-2d1b-de5bd004ccef" executionId="6d76f245-3c5b-4e0f-8c19-a8a594d521d8" testListId="8c84fa94-04c1-424b-9868-57a2d4851a1d" />
    <TestEntry testId="d57369be-2471-359c-2b79-148409a3bb86" executionId="4b6420df-efde-46ff-b3d1-da30545edfcf" testListId="8c84fa94-04c1-424b-9868-57a2d4851a1d" />
    <TestEntry testId="fe34f3a4-555e-ba7c-7d25-82cd0518364f" executionId="f6f5e14c-2abc-48ae-a6e4-2902f61827e9" testListId="8c84fa94-04c1-424b-9868-57a2d4851a1d" />
    <TestEntry testId="3ff0c5e7-fb33-147c-8914-b6365cb75f0d" executionId="d2cb4fa5-69d7-4244-af55-0ca31ac606a6" testListId="8c84fa94-04c1-424b-9868-57a2d4851a1d" />
    <TestEntry testId="79b1f349-5798-1bcd-5b81-7bec73c207ff" executionId="50254fdf-d600-4660-923a-26eef5b25527" testListId="8c84fa94-04c1-424b-9868-57a2d4851a1d" />
    <TestEntry testId="18b383ef-3ae7-8597-b31e-787ddb008af1" executionId="2195a2c6-5e31-4460-8dec-096081686e5c" testListId="8c84fa94-04c1-424b-9868-57a2d4851a1d" />
    <TestEntry testId="73459e28-a93f-15c9-8d31-aae850a1b1af" executionId="8d533bf0-e3cc-4563-aa90-26be2ab18842" testListId="8c84fa94-04c1-424b-9868-57a2d4851a1d" />
    <TestEntry testId="3483c2ce-0fee-3caa-b89c-e44ad5488cb2" executionId="594dab04-69a8-4bfe-b6cc-7ae6a80cac7b" testListId="8c84fa94-04c1-424b-9868-57a2d4851a1d" />
    <TestEntry testId="47c047fb-eca5-80a9-a0d5-2cbcf6694b25" executionId="0244c6a8-32c7-484a-8a7f-8a53f0bf5d3c" testListId="8c84fa94-04c1-424b-9868-57a2d4851a1d" />
    <TestEntry testId="e248c136-47ac-4241-2074-100eacca9864" executionId="4fb3f38f-dbbc-40ac-b399-f5a18e762a5d" testListId="8c84fa94-04c1-424b-9868-57a2d4851a1d" />
    <TestEntry testId="6dd9a99c-2bcd-9d15-55c4-0f5b63a51b42" executionId="a41b5c12-d750-4f85-9a2b-b760afa76ac9" testListId="8c84fa94-04c1-424b-9868-57a2d4851a1d" />
    <TestEntry testId="7d1fde92-c1eb-490a-ea24-16ab83ecba5e" executionId="f65357d2-7754-466b-87f8-5dde5cf85821" testListId="8c84fa94-04c1-424b-9868-57a2d4851a1d" />
    <TestEntry testId="01f9d487-e4cf-71cf-d322-420980b3e5fa" executionId="eacecd52-e2a8-4079-a901-68a77904960f" testListId="8c84fa94-04c1-424b-9868-57a2d4851a1d" />
    <TestEntry testId="e52d0316-5b07-86a7-8d13-b88b80d4179c" executionId="52163907-f553-4e97-b97f-2be2be29fb28" testListId="8c84fa94-04c1-424b-9868-57a2d4851a1d" />
    <TestEntry testId="fa291203-c994-c144-dc77-d9214bda9837" executionId="c519af00-5e9e-48f4-b923-17377c77b62f" testListId="8c84fa94-04c1-424b-9868-57a2d4851a1d" />
    <TestEntry testId="24ab17b5-e64c-1f81-fea2-8dc70c4b2c39" executionId="e69bf89e-353d-4d00-8a0e-cf86e09f9030" testListId="8c84fa94-04c1-424b-9868-57a2d4851a1d" />
    <TestEntry testId="d4ccbd44-39ec-de68-2336-3768c8b5fb2c" executionId="bede1894-8575-4da7-8af3-acb7080c9751" testListId="8c84fa94-04c1-424b-9868-57a2d4851a1d" />
    <TestEntry testId="e05961e0-2226-6fd1-ab69-0b312b60b43c" executionId="fe96499f-ffe2-4cb1-a829-a0bc64a07fad" testListId="8c84fa94-04c1-424b-9868-57a2d4851a1d" />
    <TestEntry testId="be5668d4-079b-e7d7-f00f-88904655c4f9" executionId="6df8092c-7ee9-4348-b84e-7192ce06262c" testListId="8c84fa94-04c1-424b-9868-57a2d4851a1d" />
    <TestEntry testId="84a22c58-162f-3ab9-b274-998e91e37f57" executionId="bf2d10df-6bd9-490c-8fb6-2bc82743e55d" testListId="8c84fa94-04c1-424b-9868-57a2d4851a1d" />
    <TestEntry testId="87b082c8-c76c-d43b-e27e-885b05e496f7" executionId="831c9460-7039-4341-b155-792b9eab4c0d" testListId="8c84fa94-04c1-424b-9868-57a2d4851a1d" />
    <TestEntry testId="7d8385ed-21e9-7d29-219e-cf99ca32a7c0" executionId="1953ad83-afc9-48d0-b2ca-07cb6ff8f962" testListId="8c84fa94-04c1-424b-9868-57a2d4851a1d" />
    <TestEntry testId="61b39b60-8b8f-795e-3cb4-856529439893" executionId="b8311d05-35f0-4a60-80ff-98cacc61238d" testListId="8c84fa94-04c1-424b-9868-57a2d4851a1d" />
    <TestEntry testId="fcd41a68-ce48-74a0-0421-04a561e45fdc" executionId="fe9bf9b7-beaa-4dcc-9161-49dd07a67681" testListId="8c84fa94-04c1-424b-9868-57a2d4851a1d" />
    <TestEntry testId="ee40f578-bec1-9a95-6461-973aea59eb59" executionId="83f54586-b912-4218-98cc-b292c2f3d6bb" testListId="8c84fa94-04c1-424b-9868-57a2d4851a1d" />
    <TestEntry testId="74af7ba4-e3a4-1465-3604-37843405a9d7" executionId="ebee8f0d-53ed-4315-af12-f925ddc66d5d" testListId="8c84fa94-04c1-424b-9868-57a2d4851a1d" />
    <TestEntry testId="74f86614-d87c-d04f-c672-b55d975da5a1" executionId="03dfdf44-e617-425b-9806-686a218f2e62" testListId="8c84fa94-04c1-424b-9868-57a2d4851a1d" />
    <TestEntry testId="30e185ea-0cd1-434d-b54b-1605946bb790" executionId="ab6961cb-d0d1-4cdd-8df2-1ca85bceef00" testListId="8c84fa94-04c1-424b-9868-57a2d4851a1d" />
    <TestEntry testId="0f9332fd-2bc3-8c7f-f697-4f9eeb7fea02" executionId="ff7e64e6-03ef-4395-8d2a-6ba61c5cecf0" testListId="8c84fa94-04c1-424b-9868-57a2d4851a1d" />
  </TestEntries>
  <TestLists>
    <TestList name="Results Not in a List" id="8c84fa94-04c1-424b-9868-57a2d4851a1d" />
    <TestList name="All Loaded Results" id="19431567-8539-422a-85d7-44ee4e166bda" />
  </TestLists>
  <ResultSummary outcome="Completed">
    <Counters total="35" executed="35" passed="35" failed="0" error="0" timeout="0" aborted="0" inconclusive="0" passedButRunAborted="0" notRunnable="0" notExecuted="0" disconnected="0" warning="0" completed="0" inProgress="0" pending="0" />
    <Output>
      <StdOut>[xUnit.net 00:00:00.00] xUnit.net VSTest Adapter v2.5.3.1+6b60a9e56a (64-bit .NET 8.0.23)&#xD;
[xUnit.net 00:00:00.26]   Discovering: Infrastructure.Tests&#xD;
[xUnit.net 00:00:00.45]   Discovered:  Infrastructure.Tests&#xD;
[xUnit.net 00:00:00.46]   Starting:    Infrastructure.Tests&#xD;
[xUnit.net 00:00:04.02]   Finished:    Infrastructure.Tests&#xD;
</StdOut>
    </Output>
  </ResultSummary>
</TestRun>